Build started 12/2/2014 5:53:30 PM.
     1>Project "C:\Users\quinn.mosher\Documents\GitHub\mathLib\Quinq\QuinqTest\QuinqTest.vcxproj" on node 2 (Build target(s)).
     1>Link:
         C:\Program Files (x86)\Microsoft Visual Studio 12.0\VC\bin\link.exe /ERRORREPORT:PROMPT /OUT:"C:\Users\quinn.mosher\Documents\GitHub\mathLib\Quinq\Debug\QuinqTest.exe" /INCREMENTAL /NOLOGO Quinq.lib kernel32.lib user32.lib gdi32.lib winspool.lib comdlg32.lib advapi32.lib shell32.lib ole32.lib oleaut32.lib uuid.lib odbc32.lib odbccp32.lib kernel32.lib user32.lib gdi32.lib winspool.lib comdlg32.lib advapi32.lib shell32.lib ole32.lib oleaut32.lib uuid.lib odbc32.lib odbccp32.lib /MANIFEST /MANIFESTUAC:"level='asInvoker' uiAccess='false'" /manifest:embed /DEBUG /PDB:"C:\Users\quinn.mosher\Documents\GitHub\mathLib\Quinq\Debug\QuinqTest.pdb" /TLBID:1 /DYNAMICBASE /NXCOMPAT /IMPLIB:"C:\Users\quinn.mosher\Documents\GitHub\mathLib\Quinq\Debug\QuinqTest.lib" /MACHINE:X86 Debug\main.obj
     1>main.obj : error LNK2019: unresolved external symbol "public: __thiscall Vector2::Vector2(void)" (??0Vector2@@QAE@XZ) referenced in function _main
     1>main.obj : error LNK2019: unresolved external symbol "public: __thiscall Vector2::Vector2(float,float)" (??0Vector2@@QAE@MM@Z) referenced in function _main
     1>C:\Users\quinn.mosher\Documents\GitHub\mathLib\Quinq\Debug\QuinqTest.exe : fatal error LNK1120: 2 unresolved externals
     1>Done Building Project "C:\Users\quinn.mosher\Documents\GitHub\mathLib\Quinq\QuinqTest\QuinqTest.vcxproj" (Build target(s)) -- FAILED.

Build FAILED.

Time Elapsed 00:00:00.14
