Build started 12/1/2014 9:08:15 AM.
     1>Project "C:\Users\quinn.mosher\Documents\GitHub\mathLib\Test\Test\Test.vcxproj" on node 2 (Build target(s)).
     1>ClCompile:
         C:\Program Files (x86)\Microsoft Visual Studio 12.0\VC\bin\CL.exe /c /Zi /nologo /W3 /WX- /sdl /O2 /Oi /Oy- /GL /D WIN32 /D NDEBUG /D _CONSOLE /D _LIB /D _UNICODE /D UNICODE /Gm- /EHsc /MD /GS /Gy /fp:precise /Zc:wchar_t /Zc:forScope /Fo"Release\\" /Fd"Release\vc120.pdb" /Gd /TP /analyze- /errorReport:prompt Source.cpp
         Source.cpp
     1>Source.cpp(3): fatal error C1083: Cannot open include file: 'gtest/gtest.h': No such file or directory
     1>Done Building Project "C:\Users\quinn.mosher\Documents\GitHub\mathLib\Test\Test\Test.vcxproj" (Build target(s)) -- FAILED.

Build FAILED.

Time Elapsed 00:00:00.24
