Build started 11/4/2014 3:40:11 PM.
     1>Project "C:\Users\quinn.mosher\Documents\GitHub\mathLib\mathLib\mathLib\mathLib.vcxproj" on node 2 (Rebuild target(s)).
     1>ClCompile:
         C:\Program Files (x86)\Microsoft Visual Studio 12.0\VC\bin\CL.exe /c /ZI /nologo /W3 /WX- /sdl /Od /Oy- /D _MBCS /Gm /EHsc /RTC1 /MDd /GS /fp:precise /Zc:wchar_t /Zc:forScope /Fo"Debug\\" /Fd"Debug\vc120.pdb" /Gd /TP /analyze- /errorReport:prompt header\Vector2.cpp Test.cpp
         Test.cpp
         Vector2.cpp
     1>c:\users\quinn.mosher\documents\github\mathlib\mathlib\mathlib\header\vector2.cpp(17): error C2724: 'Vector2::DotProduct' : 'static' should not be used on member functions defined at file scope
     1>c:\users\quinn.mosher\documents\github\mathlib\mathlib\mathlib\header\vector2.cpp(23): error C2143: syntax error : missing ';' before '}'
     1>c:\users\quinn.mosher\documents\github\mathlib\mathlib\mathlib\header\vector2.cpp(23): error C2563: mismatch in formal parameter list
     1>c:\users\quinn.mosher\documents\github\mathlib\mathlib\mathlib\header\vector2.cpp(23): error C2298: 'return' : illegal operation on pointer to member function expression
     1>c:\users\quinn.mosher\documents\github\mathlib\mathlib\mathlib\header\vector2.cpp(24): error C2761: 'Magnitude' : member function redeclaration not allowed
     1>c:\users\quinn.mosher\documents\github\mathlib\mathlib\mathlib\header\vector2.cpp(26): error C2761: 'Normalize' : member function redeclaration not allowed
     1>c:\users\quinn.mosher\documents\github\mathlib\mathlib\mathlib\header\vector2.cpp(27): error C2761: 'Normalize' : member function redeclaration not allowed
     1>c:\users\quinn.mosher\documents\github\mathlib\mathlib\mathlib\header\vector2.cpp(31): error C2761: 'Vector2 Vector2::operator +(Vector2)' : member function redeclaration not allowed
     1>c:\users\quinn.mosher\documents\github\mathlib\mathlib\mathlib\header\vector2.cpp(32): error C2761: 'Vector2 Vector2::operator -(Vector2)' : member function redeclaration not allowed
     1>c:\users\quinn.mosher\documents\github\mathlib\mathlib\mathlib\header\vector2.cpp(33): error C2761: '*' : member function redeclaration not allowed
     1>c:\users\quinn.mosher\documents\github\mathlib\mathlib\mathlib\header\vector2.cpp(34): error C2761: '*' : member function redeclaration not allowed
     1>c:\users\quinn.mosher\documents\github\mathlib\mathlib\mathlib\header\vector2.cpp(36): error C2761: 'Vector2 Vector2::operator +=(Vector2)' : member function redeclaration not allowed
     1>c:\users\quinn.mosher\documents\github\mathlib\mathlib\mathlib\header\vector2.cpp(37): error C2761: 'Vector2 Vector2::operator -=(Vector2)' : member function redeclaration not allowed
     1>c:\users\quinn.mosher\documents\github\mathlib\mathlib\mathlib\header\vector2.cpp(38): error C2761: '*=' : member function redeclaration not allowed
     1>c:\users\quinn.mosher\documents\github\mathlib\mathlib\mathlib\header\vector2.cpp(39): error C2761: '*=' : member function redeclaration not allowed
         Generating Code...
     1>Done Building Project "C:\Users\quinn.mosher\Documents\GitHub\mathLib\mathLib\mathLib\mathLib.vcxproj" (Rebuild target(s)) -- FAILED.

Build FAILED.

Time Elapsed 00:00:00.60
