Build started 12/1/2014 2:05:10 PM.
     1>Project "C:\Users\quinn.mosher\Documents\GitHub\mathLib\Test\Test\Test.vcxproj" on node 2 (Build target(s)).
     1>Link:
         C:\Program Files (x86)\Microsoft Visual Studio 12.0\VC\bin\link.exe /ERRORREPORT:PROMPT /OUT:"C:\Users\quinn.mosher\Documents\GitHub\mathLib\Test\Debug\Test.exe" /INCREMENTAL /NOLOGO /LIBPATH:C:\Users\quinn.mosher\Documents\GitHub\mathLib\mathLib\Release /LIBPATH:"C:\Users\quinn.mosher\Documents\GitHub\mathLib\gtest-1.7.0\gtest-1.7.0\msvc\gtest-md\Debug" gtestd.lib mathLib.lib kernel32.lib user32.lib gdi32.lib winspool.lib comdlg32.lib advapi32.lib shell32.lib ole32.lib oleaut32.lib uuid.lib odbc32.lib odbccp32.lib /MANIFEST /MANIFESTUAC:"level='asInvoker' uiAccess='false'" /manifest:embed /DEBUG /PDB:"C:\Users\quinn.mosher\Documents\GitHub\mathLib\Test\Debug\Test.pdb" /SUBSYSTEM:CONSOLE /TLBID:1 /DYNAMICBASE /NXCOMPAT /IMPLIB:"C:\Users\quinn.mosher\Documents\GitHub\mathLib\Test\Debug\Test.lib" /MACHINE:X86 Debug\Source.obj
         mathLib.lib(General.obj) : MSIL .netmodule or module compiled with /GL found; restarting link with /LTCG; add /LTCG to the link command line to improve linker performance
     1>LINK : warning LNK4075: ignoring '/INCREMENTAL' due to '/LTCG' specification
     1>Source.obj : warning LNK4075: ignoring '/EDITANDCONTINUE' due to '/OPT:LBR' specification
     1>mathLib.lib(General.obj) : error LNK2038: mismatch detected for '_ITERATOR_DEBUG_LEVEL': value '0' doesn't match value '2' in Source.obj
     1>mathLib.lib(General.obj) : error LNK2038: mismatch detected for 'RuntimeLibrary': value 'MD_DynamicRelease' doesn't match value 'MDd_DynamicDebug' in Source.obj
     1>mathLib.lib(Vector2.obj) : error LNK2038: mismatch detected for '_ITERATOR_DEBUG_LEVEL': value '0' doesn't match value '2' in Source.obj
     1>mathLib.lib(Vector2.obj) : error LNK2038: mismatch detected for 'RuntimeLibrary': value 'MD_DynamicRelease' doesn't match value 'MDd_DynamicDebug' in Source.obj
     1>mathLib.lib(Vector3.obj) : error LNK2038: mismatch detected for '_ITERATOR_DEBUG_LEVEL': value '0' doesn't match value '2' in Source.obj
     1>mathLib.lib(Vector3.obj) : error LNK2038: mismatch detected for 'RuntimeLibrary': value 'MD_DynamicRelease' doesn't match value 'MDd_DynamicDebug' in Source.obj
     1>mathLib.lib(Vector4.obj) : error LNK2038: mismatch detected for '_ITERATOR_DEBUG_LEVEL': value '0' doesn't match value '2' in Source.obj
     1>mathLib.lib(Vector4.obj) : error LNK2038: mismatch detected for 'RuntimeLibrary': value 'MD_DynamicRelease' doesn't match value 'MDd_DynamicDebug' in Source.obj
     1>mathLib.lib(Matrix3.obj) : error LNK2038: mismatch detected for '_ITERATOR_DEBUG_LEVEL': value '0' doesn't match value '2' in Source.obj
     1>mathLib.lib(Matrix3.obj) : error LNK2038: mismatch detected for 'RuntimeLibrary': value 'MD_DynamicRelease' doesn't match value 'MDd_DynamicDebug' in Source.obj
     1>mathLib.lib(Matrix4.obj) : error LNK2038: mismatch detected for '_ITERATOR_DEBUG_LEVEL': value '0' doesn't match value '2' in Source.obj
     1>mathLib.lib(Matrix4.obj) : error LNK2038: mismatch detected for 'RuntimeLibrary': value 'MD_DynamicRelease' doesn't match value 'MDd_DynamicDebug' in Source.obj
     1>LINK : warning LNK4098: defaultlib 'MSVCRT' conflicts with use of other libs; use /NODEFAULTLIB:library
     1>C:\Users\quinn.mosher\Documents\GitHub\mathLib\Test\Debug\Test.exe : fatal error LNK1319: 12 mismatches detected
     1>Done Building Project "C:\Users\quinn.mosher\Documents\GitHub\mathLib\Test\Test\Test.vcxproj" (Build target(s)) -- FAILED.

Build FAILED.

Time Elapsed 00:00:00.57
