Build started 12/1/2014 3:57:23 PM.
     1>Project "C:\Users\quinn.mosher\Documents\GitHub\mathLib\mathLib-Lib\TestLib\TestLib.vcxproj" on node 3 (Build target(s)).
     1>ClCompile:
         C:\Program Files (x86)\Microsoft Visual Studio 12.0\VC\bin\CL.exe /c /I"C:\Users\quinn.mosher\Documents\GitHub\mathLib\mathLib-Lib\\mathLib-Lib\gtest files\include" /ZI /nologo /W3 /WX- /sdl /Od /Oy- /D _MBCS /Gm /EHsc /RTC1 /MTd /GS /fp:precise /Zc:wchar_t /Zc:forScope /Fo"Debug\\" /Fd"Debug\vc120.pdb" /Gd /TP /analyze- /errorReport:prompt TestMain.cpp
         TestMain.cpp
     1>c:\users\quinn.mosher\documents\github\mathlib\mathlib-lib\testlib\testmain.cpp(3): fatal error C1083: Cannot open include file: 'gtest/gtest.h': No such file or directory
     1>Done Building Project "C:\Users\quinn.mosher\Documents\GitHub\mathLib\mathLib-Lib\TestLib\TestLib.vcxproj" (Build target(s)) -- FAILED.

Build FAILED.

Time Elapsed 00:00:00.39
